[22-Oct-2018 22:19:02] NOTICE: fpm is running, pid 16
[22-Oct-2018 22:19:02] NOTICE: ready to handle connections
[23-Oct-2018 06:35:12] NOTICE: Terminating ...
[23-Oct-2018 06:35:12] NOTICE: exiting, bye-bye!
[23-Oct-2018 18:58:58] NOTICE: fpm is running, pid 35
[23-Oct-2018 18:58:58] NOTICE: ready to handle connections
[31-Oct-2018 18:08:28] NOTICE: fpm is running, pid 36
[31-Oct-2018 18:08:28] NOTICE: ready to handle connections
[31-Oct-2018 19:38:05] NOTICE: Terminating ...
[31-Oct-2018 19:38:05] NOTICE: exiting, bye-bye!
[31-Oct-2018 21:52:58] NOTICE: fpm is running, pid 35
[31-Oct-2018 21:52:58] NOTICE: ready to handle connections
[01-Nov-2018 04:39:42] NOTICE: Terminating ...
[01-Nov-2018 04:39:42] NOTICE: exiting, bye-bye!
[04-Nov-2018 01:09:40] NOTICE: fpm is running, pid 54
[04-Nov-2018 01:09:40] NOTICE: ready to handle connections
[04-Nov-2018 01:58:59] NOTICE: Terminating ...
[04-Nov-2018 01:58:59] NOTICE: exiting, bye-bye!
[04-Nov-2018 21:19:08] NOTICE: fpm is running, pid 54
[04-Nov-2018 21:19:08] NOTICE: ready to handle connections
[05-Nov-2018 05:55:07] NOTICE: Terminating ...
[05-Nov-2018 05:55:07] NOTICE: exiting, bye-bye!
[05-Nov-2018 06:20:24] NOTICE: fpm is running, pid 55
[05-Nov-2018 06:20:24] NOTICE: ready to handle connections
[05-Nov-2018 07:28:52] NOTICE: Terminating ...
[05-Nov-2018 07:28:52] NOTICE: exiting, bye-bye!
[05-Nov-2018 07:29:00] NOTICE: fpm is running, pid 53
[05-Nov-2018 07:29:00] NOTICE: ready to handle connections
[05-Nov-2018 08:52:24] NOTICE: Terminating ...
[05-Nov-2018 08:52:24] NOTICE: exiting, bye-bye!
[16-Nov-2018 02:51:40] NOTICE: fpm is running, pid 52
[16-Nov-2018 02:51:40] NOTICE: ready to handle connections
[16-Nov-2018 07:07:41] NOTICE: Terminating ...
[16-Nov-2018 07:07:41] NOTICE: exiting, bye-bye!
[19-Nov-2018 20:27:28] NOTICE: fpm is running, pid 55
[19-Nov-2018 20:27:28] NOTICE: ready to handle connections
