2018-10-22T22:19:03.313108Z 0 [Warning] TIMESTAMP with implicit DEFAULT value is deprecated. Please use --explicit_defaults_for_timestamp server option (see documentation for more details).
2018-10-22T22:19:03.314618Z 0 [Note] /usr/sbin/mysqld (mysqld 5.7.23) starting as process 30 ...
2018-10-22T22:19:03.339519Z 0 [Note] InnoDB: PUNCH HOLE support available
2018-10-22T22:19:03.340254Z 0 [Note] InnoDB: Mutexes and rw_locks use GCC atomic builtins
2018-10-22T22:19:03.341283Z 0 [Note] InnoDB: Uses event mutexes
2018-10-22T22:19:03.342260Z 0 [Note] InnoDB: GCC builtin __atomic_thread_fence() is used for memory barrier
2018-10-22T22:19:03.343165Z 0 [Note] InnoDB: Compressed tables use zlib 1.2.3
2018-10-22T22:19:03.344174Z 0 [Note] InnoDB: Using Linux native AIO
2018-10-22T22:19:03.345941Z 0 [Note] InnoDB: Number of pools: 1
2018-10-22T22:19:03.346985Z 0 [Note] InnoDB: Using CPU crc32 instructions
2018-10-22T22:19:03.350018Z 0 [Note] InnoDB: Initializing buffer pool, total size = 32M, instances = 1, chunk size = 32M
2018-10-22T22:19:03.362046Z 0 [Note] InnoDB: Completed initialization of buffer pool
2018-10-22T22:19:03.371644Z 0 [Note] InnoDB: If the mysqld execution user is authorized, page cleaner thread priority can be changed. See the man page of setpriority().
2018-10-22T22:19:03.382625Z 0 [Note] InnoDB: Highest supported file format is Barracuda.
2018-10-22T22:19:03.384547Z 0 [Note] InnoDB: Log scan progressed past the checkpoint lsn 2588963
2018-10-22T22:19:03.385159Z 0 [Note] InnoDB: Doing recovery: scanned up to log sequence number 2591784
2018-10-22T22:19:03.387265Z 0 [Note] InnoDB: Database was not shutdown normally!
2018-10-22T22:19:03.388091Z 0 [Note] InnoDB: Starting crash recovery.
2018-10-22T22:19:04.420573Z 0 [Note] InnoDB: Starting an apply batch of log records to the database...
InnoDB: Progress in percent: 27 28 29 30 31 32 33 34 35 36 37 38 39 40 41 42 43 44 45 46 47 48 49 50 51 52 53 54 55 56 57 58 59 60 61 62 63 64 65 66 67 68 69 70 71 72 73 74 75 76 77 78 79 80 81 82 83 84 85 86 87 88 89 90 91 92 93 94 95 96 97 98 99 
2018-10-22T22:19:04.978256Z 0 [Note] InnoDB: Apply batch completed
2018-10-22T22:19:05.086165Z 0 [Note] InnoDB: Removed temporary tablespace data file: "ibtmp1"
2018-10-22T22:19:05.087251Z 0 [Note] InnoDB: Creating shared tablespace for temporary tables
2018-10-22T22:19:05.088147Z 0 [Note] InnoDB: Setting file './ibtmp1' size to 12 MB. Physically writing the file full; Please wait ...
2018-10-22T22:19:05.210049Z 0 [Note] InnoDB: File './ibtmp1' size is now 12 MB.
2018-10-22T22:19:05.210936Z 0 [Note] InnoDB: 96 redo rollback segment(s) found. 96 redo rollback segment(s) are active.
2018-10-22T22:19:05.211021Z 0 [Note] InnoDB: 32 non-redo rollback segment(s) are active.
2018-10-22T22:19:05.244963Z 0 [Note] InnoDB: 5.7.23 started; log sequence number 2591784
2018-10-22T22:19:05.245564Z 0 [Note] InnoDB: Loading buffer pool(s) from /var/lib/mysql/ib_buffer_pool
2018-10-22T22:19:05.247109Z 0 [Note] Plugin 'FEDERATED' is disabled.
2018-10-22T22:19:05.260263Z 0 [Warning] Failed to set up SSL because of the following SSL library error: SSL context is not usable without certificate and private key
2018-10-22T22:19:05.261119Z 0 [Note] Server hostname (bind-address): '*'; port: 3306
2018-10-22T22:19:05.261504Z 0 [Note] IPv6 is available.
2018-10-22T22:19:05.262135Z 0 [Note]   - '::' resolves to '::';
2018-10-22T22:19:05.262984Z 0 [Note] Server socket created on IP: '::'.
2018-10-22T22:19:05.267801Z 0 [Warning] Insecure configuration for --pid-file: Location '/var/run/mysqld' in the path is accessible to all OS users. Consider choosing a different directory.
2018-10-22T22:19:05.362282Z 0 [Note] InnoDB: Buffer pool(s) load completed at 181022 22:19:05
2018-10-22T22:19:05.501167Z 0 [ERROR] /usr/sbin/mysqld: Table './mysql/user' is marked as crashed and should be repaired
2018-10-22T22:19:05.505316Z 0 [Warning] Checking table:   './mysql/user'
2018-10-22T22:19:05.527322Z 0 [ERROR] 1 client is using or hasn't closed the table properly
2018-10-22T22:19:05.594577Z 0 [Warning] 'user' entry 'root@localhost' ignored in --skip-name-resolve mode.
2018-10-22T22:19:05.595709Z 0 [Warning] 'user' entry 'mysql.session@localhost' ignored in --skip-name-resolve mode.
2018-10-22T22:19:05.621463Z 0 [Warning] 'user' entry 'mysql.sys@localhost' ignored in --skip-name-resolve mode.
2018-10-22T22:19:05.621845Z 0 [Warning] 'db' entry 'performance_schema mysql.session@localhost' ignored in --skip-name-resolve mode.
2018-10-22T22:19:05.621998Z 0 [Warning] 'db' entry 'sys mysql.sys@localhost' ignored in --skip-name-resolve mode.
2018-10-22T22:19:05.648460Z 0 [Warning] 'proxies_priv' entry '@ root@localhost' ignored in --skip-name-resolve mode.
2018-10-22T22:19:05.745532Z 0 [Warning] 'tables_priv' entry 'user mysql.session@localhost' ignored in --skip-name-resolve mode.
2018-10-22T22:19:05.746119Z 0 [Warning] 'tables_priv' entry 'sys_config mysql.sys@localhost' ignored in --skip-name-resolve mode.
2018-10-22T22:19:05.905337Z 0 [Note] Event Scheduler: Loaded 0 events
2018-10-22T22:19:05.939085Z 0 [Note] /usr/sbin/mysqld: ready for connections.
Version: '5.7.23'  socket: '/var/run/mysqld/mysqld.sock'  port: 3306  MySQL Community Server (GPL)
2018-10-22T22:19:31.399337Z 4 [ERROR] /usr/sbin/mysqld: Table './mysql/proc' is marked as crashed and should be repaired
2018-10-22T22:19:31.399745Z 4 [Warning] Checking table:   './mysql/proc'
2018-10-22T22:19:31.414085Z 6 [Warning] 'user' entry 'root@localhost' ignored in --skip-name-resolve mode.
2018-10-22T22:19:31.414222Z 6 [Warning] 'user' entry 'mysql.session@localhost' ignored in --skip-name-resolve mode.
2018-10-22T22:19:31.414294Z 6 [Warning] 'user' entry 'mysql.sys@localhost' ignored in --skip-name-resolve mode.
2018-10-22T22:19:31.414410Z 6 [Warning] 'db' entry 'performance_schema mysql.session@localhost' ignored in --skip-name-resolve mode.
2018-10-22T22:19:31.414483Z 6 [Warning] 'db' entry 'sys mysql.sys@localhost' ignored in --skip-name-resolve mode.
2018-10-22T22:19:31.414551Z 6 [Warning] 'proxies_priv' entry '@ root@localhost' ignored in --skip-name-resolve mode.
2018-10-22T22:19:31.414753Z 6 [Warning] 'tables_priv' entry 'user mysql.session@localhost' ignored in --skip-name-resolve mode.
2018-10-22T22:19:31.414839Z 6 [Warning] 'tables_priv' entry 'sys_config mysql.sys@localhost' ignored in --skip-name-resolve mode.
